[19-May-2026 06:10:28 UTC] WordPress database error Table 'wp_e_events' already exists for query CREATE TABLE `wp_e_events` (
			id bigint(20) unsigned auto_increment primary key,
			event_data text null,
			created_at datetime not null
		) DEFAULT CHARACTER SET utf8mb4 COLLATE utf8mb4_unicode_520_ci; made by require('wp-blog-header.php'), wp, WP->main, WP->parse_request, do_action_ref_array('parse_request'), WP_Hook->do_action, WP_Hook->apply_filters, rest_api_loaded, rest_get_server, do_action('rest_api_init'), WP_Hook->do_action, WP_Hook->apply_filters, Elementor\Plugin->on_rest_api_init, Elementor\Plugin->init_common, Elementor\Core\Common\App->init_components, Elementor\Core\Common\Modules\EventTracker\Module->__construct, Elementor\Core\Common\Modules\EventTracker\DB->__construct, Elementor\Core\Common\Modules\EventTracker\DB->create_table
[19-May-2026 06:10:28 UTC] WordPress database error Duplicate key name 'created_at_index' for query ALTER TABLE wp_e_events
    		ADD INDEX `created_at_index` (`created_at`)
		 made by require('wp-blog-header.php'), wp, WP->main, WP->parse_request, do_action_ref_array('parse_request'), WP_Hook->do_action, WP_Hook->apply_filters, rest_api_loaded, rest_get_server, do_action('rest_api_init'), WP_Hook->do_action, WP_Hook->apply_filters, Elementor\Plugin->on_rest_api_init, Elementor\Plugin->init_common, Elementor\Core\Common\App->init_components, Elementor\Core\Common\Modules\EventTracker\Module->__construct, Elementor\Core\Common\Modules\EventTracker\DB->__construct, Elementor\Core\Common\Modules\EventTracker\DB->add_indexes
[19-May-2026 06:20:02 UTC] PHP Warning:  Undefined array key "body_background_image_tablet" in C:\Users\Hp\Local Sites\digimax\app\public\wp-content\plugins\elementor\includes\base\controls-stack.php on line 1492
[19-May-2026 06:20:02 UTC] PHP Warning:  Undefined array key "body_background_image_tablet" in C:\Users\Hp\Local Sites\digimax\app\public\wp-content\plugins\elementor\includes\base\controls-stack.php on line 1492
[19-May-2026 13:00:27 UTC] PHP Warning:  Undefined array key "body_background_image_tablet" in C:\Users\Hp\Local Sites\digimax\app\public\wp-content\plugins\elementor\includes\base\controls-stack.php on line 1492
[19-May-2026 13:35:31 UTC] PHP Warning:  Array to string conversion in C:\Users\Hp\Local Sites\digimax\app\public\wp-content\plugins\simply-static\src\integrations\class-ss-elementor-integration.php on line 124
[19-May-2026 13:35:31 UTC] PHP Warning:  Array to string conversion in C:\Users\Hp\Local Sites\digimax\app\public\wp-content\plugins\simply-static\src\integrations\class-ss-elementor-integration.php on line 124
[19-May-2026 13:35:31 UTC] PHP Warning:  Array to string conversion in C:\Users\Hp\Local Sites\digimax\app\public\wp-content\plugins\simply-static\src\integrations\class-ss-elementor-integration.php on line 124
[19-May-2026 13:35:31 UTC] PHP Warning:  Array to string conversion in C:\Users\Hp\Local Sites\digimax\app\public\wp-content\plugins\simply-static\src\integrations\class-ss-elementor-integration.php on line 124
[19-May-2026 13:35:31 UTC] PHP Warning:  Array to string conversion in C:\Users\Hp\Local Sites\digimax\app\public\wp-content\plugins\simply-static\src\integrations\class-ss-elementor-integration.php on line 124
[19-May-2026 13:35:31 UTC] PHP Warning:  Array to string conversion in C:\Users\Hp\Local Sites\digimax\app\public\wp-content\plugins\simply-static\src\integrations\class-ss-elementor-integration.php on line 124
[19-May-2026 13:35:31 UTC] PHP Warning:  Array to string conversion in C:\Users\Hp\Local Sites\digimax\app\public\wp-content\plugins\simply-static\src\integrations\class-ss-elementor-integration.php on line 124
[19-May-2026 13:35:31 UTC] PHP Warning:  Array to string conversion in C:\Users\Hp\Local Sites\digimax\app\public\wp-content\plugins\simply-static\src\integrations\class-ss-elementor-integration.php on line 124
[19-May-2026 13:35:31 UTC] PHP Warning:  Array to string conversion in C:\Users\Hp\Local Sites\digimax\app\public\wp-content\plugins\simply-static\src\integrations\class-ss-elementor-integration.php on line 124
[19-May-2026 13:35:31 UTC] PHP Warning:  Array to string conversion in C:\Users\Hp\Local Sites\digimax\app\public\wp-content\plugins\simply-static\src\integrations\class-ss-elementor-integration.php on line 124
[19-May-2026 13:35:31 UTC] PHP Warning:  Array to string conversion in C:\Users\Hp\Local Sites\digimax\app\public\wp-content\plugins\simply-static\src\integrations\class-ss-elementor-integration.php on line 124
[19-May-2026 13:35:31 UTC] PHP Warning:  Array to string conversion in C:\Users\Hp\Local Sites\digimax\app\public\wp-content\plugins\simply-static\src\integrations\class-ss-elementor-integration.php on line 124
[19-May-2026 13:35:31 UTC] PHP Warning:  Array to string conversion in C:\Users\Hp\Local Sites\digimax\app\public\wp-content\plugins\simply-static\src\integrations\class-ss-elementor-integration.php on line 124
[19-May-2026 13:35:31 UTC] PHP Warning:  Array to string conversion in C:\Users\Hp\Local Sites\digimax\app\public\wp-content\plugins\simply-static\src\integrations\class-ss-elementor-integration.php on line 124
[19-May-2026 13:35:31 UTC] PHP Warning:  Array to string conversion in C:\Users\Hp\Local Sites\digimax\app\public\wp-content\plugins\simply-static\src\integrations\class-ss-elementor-integration.php on line 124
[19-May-2026 13:35:31 UTC] PHP Warning:  Array to string conversion in C:\Users\Hp\Local Sites\digimax\app\public\wp-content\plugins\simply-static\src\integrations\class-ss-elementor-integration.php on line 124
[19-May-2026 13:35:31 UTC] PHP Warning:  Array to string conversion in C:\Users\Hp\Local Sites\digimax\app\public\wp-content\plugins\simply-static\src\integrations\class-ss-elementor-integration.php on line 124
[19-May-2026 13:35:31 UTC] PHP Warning:  Array to string conversion in C:\Users\Hp\Local Sites\digimax\app\public\wp-content\plugins\simply-static\src\integrations\class-ss-elementor-integration.php on line 124
[19-May-2026 13:35:31 UTC] PHP Warning:  Array to string conversion in C:\Users\Hp\Local Sites\digimax\app\public\wp-content\plugins\simply-static\src\integrations\class-ss-elementor-integration.php on line 124
[19-May-2026 13:35:31 UTC] PHP Warning:  Array to string conversion in C:\Users\Hp\Local Sites\digimax\app\public\wp-content\plugins\simply-static\src\integrations\class-ss-elementor-integration.php on line 124
[19-May-2026 13:35:31 UTC] PHP Warning:  Array to string conversion in C:\Users\Hp\Local Sites\digimax\app\public\wp-content\plugins\simply-static\src\integrations\class-ss-elementor-integration.php on line 124
[19-May-2026 13:35:31 UTC] PHP Warning:  Array to string conversion in C:\Users\Hp\Local Sites\digimax\app\public\wp-content\plugins\simply-static\src\integrations\class-ss-elementor-integration.php on line 124
[19-May-2026 13:35:31 UTC] PHP Warning:  Array to string conversion in C:\Users\Hp\Local Sites\digimax\app\public\wp-content\plugins\simply-static\src\integrations\class-ss-elementor-integration.php on line 124
[19-May-2026 13:35:31 UTC] PHP Warning:  Array to string conversion in C:\Users\Hp\Local Sites\digimax\app\public\wp-content\plugins\simply-static\src\integrations\class-ss-elementor-integration.php on line 124
[19-May-2026 13:35:31 UTC] PHP Warning:  Array to string conversion in C:\Users\Hp\Local Sites\digimax\app\public\wp-content\plugins\simply-static\src\integrations\class-ss-elementor-integration.php on line 124
[19-May-2026 13:35:31 UTC] PHP Warning:  Array to string conversion in C:\Users\Hp\Local Sites\digimax\app\public\wp-content\plugins\simply-static\src\integrations\class-ss-elementor-integration.php on line 124
[19-May-2026 13:35:31 UTC] PHP Warning:  Array to string conversion in C:\Users\Hp\Local Sites\digimax\app\public\wp-content\plugins\simply-static\src\integrations\class-ss-elementor-integration.php on line 124
[19-May-2026 13:35:31 UTC] PHP Warning:  Array to string conversion in C:\Users\Hp\Local Sites\digimax\app\public\wp-content\plugins\simply-static\src\integrations\class-ss-elementor-integration.php on line 124
[19-May-2026 13:35:31 UTC] PHP Warning:  Array to string conversion in C:\Users\Hp\Local Sites\digimax\app\public\wp-content\plugins\simply-static\src\integrations\class-ss-elementor-integration.php on line 124
[19-May-2026 13:35:31 UTC] PHP Warning:  Array to string conversion in C:\Users\Hp\Local Sites\digimax\app\public\wp-content\plugins\simply-static\src\integrations\class-ss-elementor-integration.php on line 124
[19-May-2026 13:35:31 UTC] PHP Warning:  Array to string conversion in C:\Users\Hp\Local Sites\digimax\app\public\wp-content\plugins\simply-static\src\integrations\class-ss-elementor-integration.php on line 124
[19-May-2026 13:35:31 UTC] PHP Warning:  Array to string conversion in C:\Users\Hp\Local Sites\digimax\app\public\wp-content\plugins\simply-static\src\integrations\class-ss-elementor-integration.php on line 124
[19-May-2026 13:35:31 UTC] PHP Warning:  Array to string conversion in C:\Users\Hp\Local Sites\digimax\app\public\wp-content\plugins\simply-static\src\integrations\class-ss-elementor-integration.php on line 124
[19-May-2026 13:35:31 UTC] PHP Warning:  Array to string conversion in C:\Users\Hp\Local Sites\digimax\app\public\wp-content\plugins\simply-static\src\integrations\class-ss-elementor-integration.php on line 124
[19-May-2026 13:35:31 UTC] PHP Warning:  Array to string conversion in C:\Users\Hp\Local Sites\digimax\app\public\wp-content\plugins\simply-static\src\integrations\class-ss-elementor-integration.php on line 124
[19-May-2026 13:35:31 UTC] PHP Warning:  Array to string conversion in C:\Users\Hp\Local Sites\digimax\app\public\wp-content\plugins\simply-static\src\integrations\class-ss-elementor-integration.php on line 124
[19-May-2026 13:35:31 UTC] PHP Warning:  Array to string conversion in C:\Users\Hp\Local Sites\digimax\app\public\wp-content\plugins\simply-static\src\integrations\class-ss-elementor-integration.php on line 124
[19-May-2026 13:35:31 UTC] PHP Warning:  Array to string conversion in C:\Users\Hp\Local Sites\digimax\app\public\wp-content\plugins\simply-static\src\integrations\class-ss-elementor-integration.php on line 124
[19-May-2026 13:35:31 UTC] PHP Warning:  Array to string conversion in C:\Users\Hp\Local Sites\digimax\app\public\wp-content\plugins\simply-static\src\integrations\class-ss-elementor-integration.php on line 124
[19-May-2026 13:35:31 UTC] PHP Warning:  Array to string conversion in C:\Users\Hp\Local Sites\digimax\app\public\wp-content\plugins\simply-static\src\integrations\class-ss-elementor-integration.php on line 124
[19-May-2026 13:35:31 UTC] PHP Warning:  Array to string conversion in C:\Users\Hp\Local Sites\digimax\app\public\wp-content\plugins\simply-static\src\integrations\class-ss-elementor-integration.php on line 124
[19-May-2026 13:35:31 UTC] PHP Warning:  Array to string conversion in C:\Users\Hp\Local Sites\digimax\app\public\wp-content\plugins\simply-static\src\integrations\class-ss-elementor-integration.php on line 124
[19-May-2026 13:35:31 UTC] PHP Warning:  Array to string conversion in C:\Users\Hp\Local Sites\digimax\app\public\wp-content\plugins\simply-static\src\integrations\class-ss-elementor-integration.php on line 124
[19-May-2026 13:35:31 UTC] PHP Warning:  Array to string conversion in C:\Users\Hp\Local Sites\digimax\app\public\wp-content\plugins\simply-static\src\integrations\class-ss-elementor-integration.php on line 124
[19-May-2026 13:35:31 UTC] PHP Warning:  Array to string conversion in C:\Users\Hp\Local Sites\digimax\app\public\wp-content\plugins\simply-static\src\integrations\class-ss-elementor-integration.php on line 124
[19-May-2026 13:35:31 UTC] PHP Warning:  Array to string conversion in C:\Users\Hp\Local Sites\digimax\app\public\wp-content\plugins\simply-static\src\integrations\class-ss-elementor-integration.php on line 124
[19-May-2026 13:35:31 UTC] PHP Warning:  Array to string conversion in C:\Users\Hp\Local Sites\digimax\app\public\wp-content\plugins\simply-static\src\integrations\class-ss-elementor-integration.php on line 124
[19-May-2026 13:35:31 UTC] PHP Warning:  Array to string conversion in C:\Users\Hp\Local Sites\digimax\app\public\wp-content\plugins\simply-static\src\integrations\class-ss-elementor-integration.php on line 124
[19-May-2026 13:35:31 UTC] PHP Warning:  Array to string conversion in C:\Users\Hp\Local Sites\digimax\app\public\wp-content\plugins\simply-static\src\integrations\class-ss-elementor-integration.php on line 124
[19-May-2026 13:35:31 UTC] PHP Warning:  Array to string conversion in C:\Users\Hp\Local Sites\digimax\app\public\wp-content\plugins\simply-static\src\integrations\class-ss-elementor-integration.php on line 124
[19-May-2026 13:35:31 UTC] PHP Warning:  Array to string conversion in C:\Users\Hp\Local Sites\digimax\app\public\wp-content\plugins\simply-static\src\integrations\class-ss-elementor-integration.php on line 124
[19-May-2026 13:41:26 UTC] PHP Warning:  Array to string conversion in C:\Users\Hp\Local Sites\digimax\app\public\wp-content\plugins\simply-static\src\integrations\class-ss-elementor-integration.php on line 124
[19-May-2026 13:41:26 UTC] PHP Warning:  Array to string conversion in C:\Users\Hp\Local Sites\digimax\app\public\wp-content\plugins\simply-static\src\integrations\class-ss-elementor-integration.php on line 124
[19-May-2026 13:41:26 UTC] PHP Warning:  Array to string conversion in C:\Users\Hp\Local Sites\digimax\app\public\wp-content\plugins\simply-static\src\integrations\class-ss-elementor-integration.php on line 124
[19-May-2026 13:41:26 UTC] PHP Warning:  Array to string conversion in C:\Users\Hp\Local Sites\digimax\app\public\wp-content\plugins\simply-static\src\integrations\class-ss-elementor-integration.php on line 124
[19-May-2026 13:41:26 UTC] PHP Warning:  Array to string conversion in C:\Users\Hp\Local Sites\digimax\app\public\wp-content\plugins\simply-static\src\integrations\class-ss-elementor-integration.php on line 124
[19-May-2026 13:41:26 UTC] PHP Warning:  Array to string conversion in C:\Users\Hp\Local Sites\digimax\app\public\wp-content\plugins\simply-static\src\integrations\class-ss-elementor-integration.php on line 124
[19-May-2026 13:41:26 UTC] PHP Warning:  Array to string conversion in C:\Users\Hp\Local Sites\digimax\app\public\wp-content\plugins\simply-static\src\integrations\class-ss-elementor-integration.php on line 124
[19-May-2026 13:41:29 UTC] PHP Warning:  Array to string conversion in C:\Users\Hp\Local Sites\digimax\app\public\wp-content\plugins\simply-static\src\integrations\class-ss-elementor-integration.php on line 124
[19-May-2026 13:41:29 UTC] PHP Warning:  Array to string conversion in C:\Users\Hp\Local Sites\digimax\app\public\wp-content\plugins\simply-static\src\integrations\class-ss-elementor-integration.php on line 124
[19-May-2026 13:41:29 UTC] PHP Warning:  Array to string conversion in C:\Users\Hp\Local Sites\digimax\app\public\wp-content\plugins\simply-static\src\integrations\class-ss-elementor-integration.php on line 124
[19-May-2026 13:41:29 UTC] PHP Warning:  Array to string conversion in C:\Users\Hp\Local Sites\digimax\app\public\wp-content\plugins\simply-static\src\integrations\class-ss-elementor-integration.php on line 124
[19-May-2026 13:41:29 UTC] PHP Warning:  Array to string conversion in C:\Users\Hp\Local Sites\digimax\app\public\wp-content\plugins\simply-static\src\integrations\class-ss-elementor-integration.php on line 124
[19-May-2026 13:41:29 UTC] PHP Warning:  Array to string conversion in C:\Users\Hp\Local Sites\digimax\app\public\wp-content\plugins\simply-static\src\integrations\class-ss-elementor-integration.php on line 124
[19-May-2026 13:41:29 UTC] PHP Warning:  Array to string conversion in C:\Users\Hp\Local Sites\digimax\app\public\wp-content\plugins\simply-static\src\integrations\class-ss-elementor-integration.php on line 124
[19-May-2026 13:41:29 UTC] PHP Warning:  Array to string conversion in C:\Users\Hp\Local Sites\digimax\app\public\wp-content\plugins\simply-static\src\integrations\class-ss-elementor-integration.php on line 124
[19-May-2026 13:41:29 UTC] PHP Warning:  Array to string conversion in C:\Users\Hp\Local Sites\digimax\app\public\wp-content\plugins\simply-static\src\integrations\class-ss-elementor-integration.php on line 124
[19-May-2026 13:41:29 UTC] PHP Warning:  Array to string conversion in C:\Users\Hp\Local Sites\digimax\app\public\wp-content\plugins\simply-static\src\integrations\class-ss-elementor-integration.php on line 124
[19-May-2026 13:41:29 UTC] PHP Warning:  Array to string conversion in C:\Users\Hp\Local Sites\digimax\app\public\wp-content\plugins\simply-static\src\integrations\class-ss-elementor-integration.php on line 124
[19-May-2026 13:41:29 UTC] PHP Warning:  Array to string conversion in C:\Users\Hp\Local Sites\digimax\app\public\wp-content\plugins\simply-static\src\integrations\class-ss-elementor-integration.php on line 124
[19-May-2026 13:41:29 UTC] PHP Warning:  Array to string conversion in C:\Users\Hp\Local Sites\digimax\app\public\wp-content\plugins\simply-static\src\integrations\class-ss-elementor-integration.php on line 124
[19-May-2026 13:41:29 UTC] PHP Warning:  Array to string conversion in C:\Users\Hp\Local Sites\digimax\app\public\wp-content\plugins\simply-static\src\integrations\class-ss-elementor-integration.php on line 124
[19-May-2026 13:41:29 UTC] PHP Warning:  Array to string conversion in C:\Users\Hp\Local Sites\digimax\app\public\wp-content\plugins\simply-static\src\integrations\class-ss-elementor-integration.php on line 124
[19-May-2026 13:41:29 UTC] PHP Warning:  Array to string conversion in C:\Users\Hp\Local Sites\digimax\app\public\wp-content\plugins\simply-static\src\integrations\class-ss-elementor-integration.php on line 124
[19-May-2026 13:41:29 UTC] PHP Warning:  Array to string conversion in C:\Users\Hp\Local Sites\digimax\app\public\wp-content\plugins\simply-static\src\integrations\class-ss-elementor-integration.php on line 124
[19-May-2026 13:41:29 UTC] PHP Warning:  Array to string conversion in C:\Users\Hp\Local Sites\digimax\app\public\wp-content\plugins\simply-static\src\integrations\class-ss-elementor-integration.php on line 124
[19-May-2026 13:41:29 UTC] PHP Warning:  Array to string conversion in C:\Users\Hp\Local Sites\digimax\app\public\wp-content\plugins\simply-static\src\integrations\class-ss-elementor-integration.php on line 124
[19-May-2026 13:41:29 UTC] PHP Warning:  Array to string conversion in C:\Users\Hp\Local Sites\digimax\app\public\wp-content\plugins\simply-static\src\integrations\class-ss-elementor-integration.php on line 124
[19-May-2026 13:41:29 UTC] PHP Warning:  Array to string conversion in C:\Users\Hp\Local Sites\digimax\app\public\wp-content\plugins\simply-static\src\integrations\class-ss-elementor-integration.php on line 124
[19-May-2026 13:41:29 UTC] PHP Warning:  Array to string conversion in C:\Users\Hp\Local Sites\digimax\app\public\wp-content\plugins\simply-static\src\integrations\class-ss-elementor-integration.php on line 124
[19-May-2026 13:41:29 UTC] PHP Warning:  Array to string conversion in C:\Users\Hp\Local Sites\digimax\app\public\wp-content\plugins\simply-static\src\integrations\class-ss-elementor-integration.php on line 124
[19-May-2026 13:42:02 UTC] PHP Warning:  Array to string conversion in C:\Users\Hp\Local Sites\digimax\app\public\wp-content\plugins\simply-static\src\integrations\class-ss-elementor-integration.php on line 124
[19-May-2026 13:42:02 UTC] PHP Warning:  Array to string conversion in C:\Users\Hp\Local Sites\digimax\app\public\wp-content\plugins\simply-static\src\integrations\class-ss-elementor-integration.php on line 124
[19-May-2026 13:42:02 UTC] PHP Warning:  Array to string conversion in C:\Users\Hp\Local Sites\digimax\app\public\wp-content\plugins\simply-static\src\integrations\class-ss-elementor-integration.php on line 124
[19-May-2026 13:42:02 UTC] PHP Warning:  Array to string conversion in C:\Users\Hp\Local Sites\digimax\app\public\wp-content\plugins\simply-static\src\integrations\class-ss-elementor-integration.php on line 124
[19-May-2026 13:42:02 UTC] PHP Warning:  Array to string conversion in C:\Users\Hp\Local Sites\digimax\app\public\wp-content\plugins\simply-static\src\integrations\class-ss-elementor-integration.php on line 124
[19-May-2026 13:42:02 UTC] PHP Warning:  Array to string conversion in C:\Users\Hp\Local Sites\digimax\app\public\wp-content\plugins\simply-static\src\integrations\class-ss-elementor-integration.php on line 124
[19-May-2026 13:42:02 UTC] PHP Warning:  Array to string conversion in C:\Users\Hp\Local Sites\digimax\app\public\wp-content\plugins\simply-static\src\integrations\class-ss-elementor-integration.php on line 124
[19-May-2026 13:42:02 UTC] PHP Warning:  Array to string conversion in C:\Users\Hp\Local Sites\digimax\app\public\wp-content\plugins\simply-static\src\integrations\class-ss-elementor-integration.php on line 124
[19-May-2026 13:42:02 UTC] PHP Warning:  Array to string conversion in C:\Users\Hp\Local Sites\digimax\app\public\wp-content\plugins\simply-static\src\integrations\class-ss-elementor-integration.php on line 124
[19-May-2026 13:42:17 UTC] PHP Warning:  Array to string conversion in C:\Users\Hp\Local Sites\digimax\app\public\wp-content\plugins\simply-static\src\integrations\class-ss-elementor-integration.php on line 124
[19-May-2026 13:42:17 UTC] PHP Warning:  Array to string conversion in C:\Users\Hp\Local Sites\digimax\app\public\wp-content\plugins\simply-static\src\integrations\class-ss-elementor-integration.php on line 124
[19-May-2026 13:42:17 UTC] PHP Warning:  Array to string conversion in C:\Users\Hp\Local Sites\digimax\app\public\wp-content\plugins\simply-static\src\integrations\class-ss-elementor-integration.php on line 124
[19-May-2026 13:42:17 UTC] PHP Warning:  Array to string conversion in C:\Users\Hp\Local Sites\digimax\app\public\wp-content\plugins\simply-static\src\integrations\class-ss-elementor-integration.php on line 124
[19-May-2026 13:42:17 UTC] PHP Warning:  Array to string conversion in C:\Users\Hp\Local Sites\digimax\app\public\wp-content\plugins\simply-static\src\integrations\class-ss-elementor-integration.php on line 124
[19-May-2026 13:42:17 UTC] PHP Warning:  Array to string conversion in C:\Users\Hp\Local Sites\digimax\app\public\wp-content\plugins\simply-static\src\integrations\class-ss-elementor-integration.php on line 124
[19-May-2026 13:42:17 UTC] PHP Warning:  Array to string conversion in C:\Users\Hp\Local Sites\digimax\app\public\wp-content\plugins\simply-static\src\integrations\class-ss-elementor-integration.php on line 124
[19-May-2026 13:42:17 UTC] PHP Warning:  Array to string conversion in C:\Users\Hp\Local Sites\digimax\app\public\wp-content\plugins\simply-static\src\integrations\class-ss-elementor-integration.php on line 124
[19-May-2026 13:42:17 UTC] PHP Warning:  Array to string conversion in C:\Users\Hp\Local Sites\digimax\app\public\wp-content\plugins\simply-static\src\integrations\class-ss-elementor-integration.php on line 124
[19-May-2026 13:42:17 UTC] PHP Warning:  Array to string conversion in C:\Users\Hp\Local Sites\digimax\app\public\wp-content\plugins\simply-static\src\integrations\class-ss-elementor-integration.php on line 124
[19-May-2026 13:42:18 UTC] PHP Warning:  Array to string conversion in C:\Users\Hp\Local Sites\digimax\app\public\wp-content\plugins\simply-static\src\integrations\class-ss-elementor-integration.php on line 124
[19-May-2026 13:42:20 UTC] PHP Warning:  Array to string conversion in C:\Users\Hp\Local Sites\digimax\app\public\wp-content\plugins\simply-static\src\integrations\class-ss-elementor-integration.php on line 124
[19-May-2026 13:42:20 UTC] PHP Warning:  Array to string conversion in C:\Users\Hp\Local Sites\digimax\app\public\wp-content\plugins\simply-static\src\integrations\class-ss-elementor-integration.php on line 124
[19-May-2026 13:42:20 UTC] PHP Warning:  Array to string conversion in C:\Users\Hp\Local Sites\digimax\app\public\wp-content\plugins\simply-static\src\integrations\class-ss-elementor-integration.php on line 124
[19-May-2026 13:42:20 UTC] PHP Warning:  Array to string conversion in C:\Users\Hp\Local Sites\digimax\app\public\wp-content\plugins\simply-static\src\integrations\class-ss-elementor-integration.php on line 124
[19-May-2026 13:42:20 UTC] PHP Warning:  Array to string conversion in C:\Users\Hp\Local Sites\digimax\app\public\wp-content\plugins\simply-static\src\integrations\class-ss-elementor-integration.php on line 124
[19-May-2026 13:42:20 UTC] PHP Warning:  Array to string conversion in C:\Users\Hp\Local Sites\digimax\app\public\wp-content\plugins\simply-static\src\integrations\class-ss-elementor-integration.php on line 124
[19-May-2026 13:42:20 UTC] PHP Warning:  Array to string conversion in C:\Users\Hp\Local Sites\digimax\app\public\wp-content\plugins\simply-static\src\integrations\class-ss-elementor-integration.php on line 124
[19-May-2026 13:42:20 UTC] PHP Warning:  Array to string conversion in C:\Users\Hp\Local Sites\digimax\app\public\wp-content\plugins\simply-static\src\integrations\class-ss-elementor-integration.php on line 124
[19-May-2026 13:42:20 UTC] PHP Warning:  Array to string conversion in C:\Users\Hp\Local Sites\digimax\app\public\wp-content\plugins\simply-static\src\integrations\class-ss-elementor-integration.php on line 124
[19-May-2026 13:42:20 UTC] PHP Warning:  Array to string conversion in C:\Users\Hp\Local Sites\digimax\app\public\wp-content\plugins\simply-static\src\integrations\class-ss-elementor-integration.php on line 124
[19-May-2026 13:42:20 UTC] PHP Warning:  Array to string conversion in C:\Users\Hp\Local Sites\digimax\app\public\wp-content\plugins\simply-static\src\integrations\class-ss-elementor-integration.php on line 124
[19-May-2026 13:42:20 UTC] PHP Warning:  Array to string conversion in C:\Users\Hp\Local Sites\digimax\app\public\wp-content\plugins\simply-static\src\integrations\class-ss-elementor-integration.php on line 124
[19-May-2026 13:42:20 UTC] PHP Warning:  Array to string conversion in C:\Users\Hp\Local Sites\digimax\app\public\wp-content\plugins\simply-static\src\integrations\class-ss-elementor-integration.php on line 124
[19-May-2026 13:42:20 UTC] PHP Warning:  Array to string conversion in C:\Users\Hp\Local Sites\digimax\app\public\wp-content\plugins\simply-static\src\integrations\class-ss-elementor-integration.php on line 124
[19-May-2026 13:42:20 UTC] PHP Warning:  Array to string conversion in C:\Users\Hp\Local Sites\digimax\app\public\wp-content\plugins\simply-static\src\integrations\class-ss-elementor-integration.php on line 124
[19-May-2026 13:42:20 UTC] PHP Warning:  Array to string conversion in C:\Users\Hp\Local Sites\digimax\app\public\wp-content\plugins\simply-static\src\integrations\class-ss-elementor-integration.php on line 124
[19-May-2026 13:42:53 UTC] PHP Warning:  Array to string conversion in C:\Users\Hp\Local Sites\digimax\app\public\wp-content\plugins\simply-static\src\integrations\class-ss-elementor-integration.php on line 124
[19-May-2026 13:42:53 UTC] PHP Warning:  Array to string conversion in C:\Users\Hp\Local Sites\digimax\app\public\wp-content\plugins\simply-static\src\integrations\class-ss-elementor-integration.php on line 124
[19-May-2026 13:42:53 UTC] PHP Warning:  Array to string conversion in C:\Users\Hp\Local Sites\digimax\app\public\wp-content\plugins\simply-static\src\integrations\class-ss-elementor-integration.php on line 124
[19-May-2026 13:42:53 UTC] PHP Warning:  Array to string conversion in C:\Users\Hp\Local Sites\digimax\app\public\wp-content\plugins\simply-static\src\integrations\class-ss-elementor-integration.php on line 124
[19-May-2026 13:42:53 UTC] PHP Warning:  Array to string conversion in C:\Users\Hp\Local Sites\digimax\app\public\wp-content\plugins\simply-static\src\integrations\class-ss-elementor-integration.php on line 124
[19-May-2026 13:42:53 UTC] PHP Warning:  Array to string conversion in C:\Users\Hp\Local Sites\digimax\app\public\wp-content\plugins\simply-static\src\integrations\class-ss-elementor-integration.php on line 124
[19-May-2026 13:42:53 UTC] PHP Warning:  Array to string conversion in C:\Users\Hp\Local Sites\digimax\app\public\wp-content\plugins\simply-static\src\integrations\class-ss-elementor-integration.php on line 124
[19-May-2026 13:42:53 UTC] PHP Warning:  Array to string conversion in C:\Users\Hp\Local Sites\digimax\app\public\wp-content\plugins\simply-static\src\integrations\class-ss-elementor-integration.php on line 124
[19-May-2026 13:42:53 UTC] PHP Warning:  Array to string conversion in C:\Users\Hp\Local Sites\digimax\app\public\wp-content\plugins\simply-static\src\integrations\class-ss-elementor-integration.php on line 124
[19-May-2026 13:42:53 UTC] PHP Warning:  Array to string conversion in C:\Users\Hp\Local Sites\digimax\app\public\wp-content\plugins\simply-static\src\integrations\class-ss-elementor-integration.php on line 124
[19-May-2026 13:42:53 UTC] PHP Warning:  Array to string conversion in C:\Users\Hp\Local Sites\digimax\app\public\wp-content\plugins\simply-static\src\integrations\class-ss-elementor-integration.php on line 124
[19-May-2026 13:42:53 UTC] PHP Warning:  Array to string conversion in C:\Users\Hp\Local Sites\digimax\app\public\wp-content\plugins\simply-static\src\integrations\class-ss-elementor-integration.php on line 124
[19-May-2026 13:42:53 UTC] PHP Warning:  Array to string conversion in C:\Users\Hp\Local Sites\digimax\app\public\wp-content\plugins\simply-static\src\integrations\class-ss-elementor-integration.php on line 124
[19-May-2026 13:42:53 UTC] PHP Warning:  Array to string conversion in C:\Users\Hp\Local Sites\digimax\app\public\wp-content\plugins\simply-static\src\integrations\class-ss-elementor-integration.php on line 124
[19-May-2026 13:43:37 UTC] PHP Warning:  Array to string conversion in C:\Users\Hp\Local Sites\digimax\app\public\wp-content\plugins\simply-static\src\integrations\class-ss-elementor-integration.php on line 124
[19-May-2026 13:43:37 UTC] PHP Warning:  Array to string conversion in C:\Users\Hp\Local Sites\digimax\app\public\wp-content\plugins\simply-static\src\integrations\class-ss-elementor-integration.php on line 124
[19-May-2026 13:43:37 UTC] PHP Warning:  Array to string conversion in C:\Users\Hp\Local Sites\digimax\app\public\wp-content\plugins\simply-static\src\integrations\class-ss-elementor-integration.php on line 124
[19-May-2026 13:43:37 UTC] PHP Warning:  Array to string conversion in C:\Users\Hp\Local Sites\digimax\app\public\wp-content\plugins\simply-static\src\integrations\class-ss-elementor-integration.php on line 124
[19-May-2026 13:43:37 UTC] PHP Warning:  Array to string conversion in C:\Users\Hp\Local Sites\digimax\app\public\wp-content\plugins\simply-static\src\integrations\class-ss-elementor-integration.php on line 124
[19-May-2026 13:43:37 UTC] PHP Warning:  Array to string conversion in C:\Users\Hp\Local Sites\digimax\app\public\wp-content\plugins\simply-static\src\integrations\class-ss-elementor-integration.php on line 124
[19-May-2026 13:43:37 UTC] PHP Warning:  Array to string conversion in C:\Users\Hp\Local Sites\digimax\app\public\wp-content\plugins\simply-static\src\integrations\class-ss-elementor-integration.php on line 124
[19-May-2026 13:43:37 UTC] PHP Warning:  Array to string conversion in C:\Users\Hp\Local Sites\digimax\app\public\wp-content\plugins\simply-static\src\integrations\class-ss-elementor-integration.php on line 124
[19-May-2026 13:43:37 UTC] PHP Warning:  Array to string conversion in C:\Users\Hp\Local Sites\digimax\app\public\wp-content\plugins\simply-static\src\integrations\class-ss-elementor-integration.php on line 124
[19-May-2026 13:43:38 UTC] PHP Warning:  Array to string conversion in C:\Users\Hp\Local Sites\digimax\app\public\wp-content\plugins\simply-static\src\integrations\class-ss-elementor-integration.php on line 124
[19-May-2026 13:43:38 UTC] PHP Warning:  Array to string conversion in C:\Users\Hp\Local Sites\digimax\app\public\wp-content\plugins\simply-static\src\integrations\class-ss-elementor-integration.php on line 124
[19-May-2026 13:43:38 UTC] PHP Warning:  Array to string conversion in C:\Users\Hp\Local Sites\digimax\app\public\wp-content\plugins\simply-static\src\integrations\class-ss-elementor-integration.php on line 124
[19-May-2026 13:43:38 UTC] PHP Warning:  Array to string conversion in C:\Users\Hp\Local Sites\digimax\app\public\wp-content\plugins\simply-static\src\integrations\class-ss-elementor-integration.php on line 124
[19-May-2026 13:43:38 UTC] PHP Warning:  Array to string conversion in C:\Users\Hp\Local Sites\digimax\app\public\wp-content\plugins\simply-static\src\integrations\class-ss-elementor-integration.php on line 124
[19-May-2026 13:43:38 UTC] PHP Warning:  Array to string conversion in C:\Users\Hp\Local Sites\digimax\app\public\wp-content\plugins\simply-static\src\integrations\class-ss-elementor-integration.php on line 124
[19-May-2026 13:43:38 UTC] PHP Warning:  Array to string conversion in C:\Users\Hp\Local Sites\digimax\app\public\wp-content\plugins\simply-static\src\integrations\class-ss-elementor-integration.php on line 124
[19-May-2026 13:43:38 UTC] PHP Warning:  Array to string conversion in C:\Users\Hp\Local Sites\digimax\app\public\wp-content\plugins\simply-static\src\integrations\class-ss-elementor-integration.php on line 124
[19-May-2026 13:43:38 UTC] PHP Warning:  Array to string conversion in C:\Users\Hp\Local Sites\digimax\app\public\wp-content\plugins\simply-static\src\integrations\class-ss-elementor-integration.php on line 124
[19-May-2026 13:43:38 UTC] PHP Warning:  Array to string conversion in C:\Users\Hp\Local Sites\digimax\app\public\wp-content\plugins\simply-static\src\integrations\class-ss-elementor-integration.php on line 124
[19-May-2026 13:43:38 UTC] PHP Warning:  Array to string conversion in C:\Users\Hp\Local Sites\digimax\app\public\wp-content\plugins\simply-static\src\integrations\class-ss-elementor-integration.php on line 124
[19-May-2026 13:43:38 UTC] PHP Warning:  Array to string conversion in C:\Users\Hp\Local Sites\digimax\app\public\wp-content\plugins\simply-static\src\integrations\class-ss-elementor-integration.php on line 124
[19-May-2026 13:43:38 UTC] PHP Warning:  Array to string conversion in C:\Users\Hp\Local Sites\digimax\app\public\wp-content\plugins\simply-static\src\integrations\class-ss-elementor-integration.php on line 124
[19-May-2026 13:43:38 UTC] PHP Warning:  Array to string conversion in C:\Users\Hp\Local Sites\digimax\app\public\wp-content\plugins\simply-static\src\integrations\class-ss-elementor-integration.php on line 124
[19-May-2026 14:54:35 UTC] PHP Warning:  Undefined array key "body_background_image_tablet" in C:\Users\Hp\Local Sites\digimax\app\public\wp-content\plugins\elementor\includes\base\controls-stack.php on line 1492
[19-May-2026 19:23:54 UTC] PHP Warning:  file_get_contents(C:\Users\Hp\Local Sites\digimax\app\public/wp-content/uploads\simply-static\temp-files/simply-static-1-1779202442\): Failed to open stream: No such file or directory in C:\Users\Hp\Local Sites\digimax\app\public\wp-content\plugins\simply-static\src\class-ss-url-extractor.php on line 165
[19-May-2026 19:23:54 UTC] PHP Warning:  file_put_contents(C:\Users\Hp\Local Sites\digimax\app\public/wp-content/uploads\simply-static\temp-files/simply-static-1-1779202442\): Failed to open stream: No such file or directory in C:\Users\Hp\Local Sites\digimax\app\public\wp-content\plugins\simply-static\src\class-ss-url-extractor.php on line 206
[19-May-2026 19:23:54 UTC] PHP Warning:  file_get_contents(C:\Users\Hp\Local Sites\digimax\app\public/wp-content/uploads\simply-static\temp-files/simply-static-1-1779202442\): Failed to open stream: No such file or directory in C:\Users\Hp\Local Sites\digimax\app\public\wp-content\plugins\simply-static\src\class-ss-url-extractor.php on line 165
[19-May-2026 19:23:54 UTC] PHP Warning:  file_put_contents(C:\Users\Hp\Local Sites\digimax\app\public/wp-content/uploads\simply-static\temp-files/simply-static-1-1779202442\): Failed to open stream: No such file or directory in C:\Users\Hp\Local Sites\digimax\app\public\wp-content\plugins\simply-static\src\class-ss-url-extractor.php on line 206
[19-May-2026 19:23:54 UTC] PHP Warning:  file_get_contents(C:\Users\Hp\Local Sites\digimax\app\public/wp-content/uploads\simply-static\temp-files/simply-static-1-1779202442\): Failed to open stream: No such file or directory in C:\Users\Hp\Local Sites\digimax\app\public\wp-content\plugins\simply-static\src\class-ss-url-extractor.php on line 165
[19-May-2026 19:23:54 UTC] PHP Warning:  file_put_contents(C:\Users\Hp\Local Sites\digimax\app\public/wp-content/uploads\simply-static\temp-files/simply-static-1-1779202442\): Failed to open stream: No such file or directory in C:\Users\Hp\Local Sites\digimax\app\public\wp-content\plugins\simply-static\src\class-ss-url-extractor.php on line 206
[19-May-2026 19:23:54 UTC] PHP Warning:  sha1_file(C:\Users\Hp\Local Sites\digimax\app\public/wp-content/uploads\simply-static\temp-files/simply-static-1-1779202442\): Failed to open stream: No such file or directory in C:\Users\Hp\Local Sites\digimax\app\public\wp-content\plugins\simply-static\src\tasks\class-ss-fetch-urls-task.php on line 286
[19-May-2026 19:27:14 UTC] PHP Fatal error:  Maximum execution time of 1200 seconds exceeded in C:\Users\Hp\Local Sites\digimax\app\public\wp-includes\class-wpdb.php on line 2357
[19-May-2026 19:29:18 UTC] PHP Fatal error:  Maximum execution time of 1200 seconds exceeded in C:\Users\Hp\Local Sites\digimax\app\public\wp-content\plugins\simply-static\src\class-ss-util.php on line 914
[19-May-2026 19:31:20 UTC] PHP Warning:  error_log(C:\Users\Hp\Local Sites\digimax\app\public/wp-content/uploads\simply-static\b4e04ae5d7089931325e67d7cff9e74c-debug.txt): Failed to open stream: Resource temporarily unavailable in C:\Users\Hp\Local Sites\digimax\app\public\wp-content\plugins\simply-static\src\class-ss-util.php on line 913
